<?xml version="1.0" encoding="UTF-8"?>
<!-- Generated by org.testng.reporters.JUnitReportReporter -->
<testsuite hostname="MADEM" failures="0" tests="6" name="com.automationtesting.testngconcepts.OrangeHRMLoginUsingTestNGConcept" time="0.026" errors="0" timestamp="2022-09-29T08:23:41 IST" skipped="0">
  <testcase classname="com.automationtesting.testngconcepts.OrangeHRMLoginUsingTestNGConcept" name="launchURL" time="0.015"/>
  <system-out/>
  <testcase classname="com.automationtesting.testngconcepts.OrangeHRMLoginUsingTestNGConcept" name="sendMail" time="0.003"/>
  <system-out/>
  <testcase classname="com.automationtesting.testngconcepts.OrangeHRMLoginUsingTestNGConcept" name="launchbrowser" time="0.002"/>
  <system-out/>
  <testcase classname="com.automationtesting.testngconcepts.OrangeHRMLoginUsingTestNGConcept" name="logout" time="0.003"/>
  <system-out/>
  <testcase classname="com.automationtesting.testngconcepts.OrangeHRMLoginUsingTestNGConcept" name="login" time="0.001"/>
  <system-out/>
  <testcase classname="com.automationtesting.testngconcepts.OrangeHRMLoginUsingTestNGConcept" name="tearDown" time="0.002"/>
  <system-out/>
</testsuite> <!-- com.automationtesting.testngconcepts.OrangeHRMLoginUsingTestNGConcept -->
