<?xml version="1.0" encoding="UTF-8"?>
<!-- Generated by org.testng.reporters.JUnitReportReporter -->
<testsuite hostname="MADEM" failures="0" tests="2" name="com.automationtesting.testngconcepts.OrangeHRMAnnotationConcept" time="0.007" errors="0" timestamp="2022-10-01T08:29:34 IST" skipped="1">
  <testcase classname="com.automationtesting.testngconcepts.OrangeHRMAnnotationConcept" name="deleteEmp" time="0.007"/>
  <system-out/>
  <testcase classname="com.automationtesting.testngconcepts.OrangeHRMAnnotationConcept" name="addEmployee">
    <skipped/>
  </testcase> <!-- addEmployee -->
  <system-out/>
</testsuite> <!-- com.automationtesting.testngconcepts.OrangeHRMAnnotationConcept -->
