<?xml version="1.0" encoding="UTF-8"?>
<!-- Generated by org.testng.reporters.JUnitReportReporter -->
<testsuite hostname="MADEM" failures="0" tests="2" name="com.automationtesting.testngconcepts.ExcelReaderData" time="1.263" errors="0" timestamp="2022-10-08T08:10:53 IST" skipped="0">
  <testcase classname="com.automationtesting.testngconcepts.ExcelReaderData" name="countOfRowsCells" time="1.192"/>
  <system-out/>
  <testcase classname="com.automationtesting.testngconcepts.ExcelReaderData" name="readExcelData" time="0.071"/>
  <system-out/>
</testsuite> <!-- com.automationtesting.testngconcepts.ExcelReaderData -->
